<?xml version="1.0" encoding="UTF-8"?>
<testsuite name="AppTest" tests="1" skipped="0" failures="0" errors="0" timestamp="2018-06-01T21:27:34" hostname="Zhichengde-MacBook-Pro.local" time="1.028">
  <properties/>
  <testcase name="testAppHasAGreeting" classname="AppTest" time="1.028"/>
  <system-out><![CDATA[Working Directory = /Users/zhichengchen/IdeaProjects/JavaRecast4
]]></system-out>
  <system-err><![CDATA[]]></system-err>
</testsuite>
