<?xml version="1.0" encoding="UTF-8"?>
<testsuite name="AppTest" tests="1" skipped="0" failures="0" errors="0" timestamp="2018-07-11T21:29:38" hostname="Zhichengde-MacBook-Pro.local" time="1.452">
  <properties/>
  <testcase name="testAppHasAGreeting" classname="AppTest" time="1.452"/>
  <system-out><![CDATA[Working Directory = /Users/zhichengchen/IdeaProjects/JavaRecast
]]></system-out>
  <system-err><![CDATA[]]></system-err>
</testsuite>
