<?xml version="1.0" encoding="UTF-8"?>
<testsuite name="AppTest" tests="1" skipped="0" failures="0" errors="0" timestamp="2018-06-23T20:12:13" hostname="Zhichengde-MacBook-Pro.local" time="1.906">
  <properties/>
  <testcase name="testAppHasAGreeting" classname="AppTest" time="1.906"/>
  <system-out><![CDATA[Working Directory = /Users/zhichengchen/IdeaProjects/JavaRecast
]]></system-out>
  <system-err><![CDATA[]]></system-err>
</testsuite>
