<?xml version="1.0" encoding="UTF-8"?>
<testsuite name="AppTest" tests="1" skipped="0" failures="0" errors="0" timestamp="2018-07-11T23:31:51" hostname="Zhichengde-MacBook-Pro.local" time="0.981">
  <properties/>
  <testcase name="testAppHasAGreeting" classname="AppTest" time="0.981"/>
  <system-out><![CDATA[Working Directory = /Users/zhichengchen/IdeaProjects/JavaRecast
]]></system-out>
  <system-err><![CDATA[]]></system-err>
</testsuite>
